
  .   ____          _            __ _ _
 /\\ / ___'_ __ _ _(_)_ __  __ _ \ \ \ \
( ( )\___ | '_ | '_| | '_ \/ _` | \ \ \ \
 \\/  ___)| |_)| | | | | || (_| |  ) ) ) )
  '  |____| .__|_| |_|_| |_\__, | / / / /
 =========|_|==============|___/=/_/_/_/

 :: Spring Boot ::                (v4.0.1)

2026-01-17T08:44:15.276+01:00  INFO 40373 --- [demo] [           main] c.f.pocketaccount.DemoApplication        : Starting DemoApplication v0.0.1-SNAPSHOT using Java 25.0.1 with PID 40373 (/Users/frank/Documents/Vscode-java/pocketaccount/target/pocketaccount-0.0.1-SNAPSHOT.jar started by frank in /Users/frank/Documents/Vscode-java/pocketaccount)
2026-01-17T08:44:15.278+01:00  INFO 40373 --- [demo] [           main] c.f.pocketaccount.DemoApplication        : No active profile set, falling back to 1 default profile: "default"
2026-01-17T08:44:15.640+01:00  INFO 40373 --- [demo] [           main] .s.d.r.c.RepositoryConfigurationDelegate : Bootstrapping Spring Data JPA repositories in DEFAULT mode.
2026-01-17T08:44:15.665+01:00  INFO 40373 --- [demo] [           main] .s.d.r.c.RepositoryConfigurationDelegate : Finished Spring Data repository scanning in 20 ms. Found 5 JPA repository interfaces.
2026-01-17T08:44:15.908+01:00  INFO 40373 --- [demo] [           main] o.s.boot.tomcat.TomcatWebServer          : Tomcat initialized with port 8080 (http)
2026-01-17T08:44:15.917+01:00  INFO 40373 --- [demo] [           main] o.apache.catalina.core.StandardService   : Starting service [Tomcat]
2026-01-17T08:44:15.917+01:00  INFO 40373 --- [demo] [           main] o.apache.catalina.core.StandardEngine    : Starting Servlet engine: [Apache Tomcat/11.0.15]
2026-01-17T08:44:15.931+01:00  INFO 40373 --- [demo] [           main] b.w.c.s.WebApplicationContextInitializer : Root WebApplicationContext: initialization completed in 626 ms
2026-01-17T08:44:16.005+01:00  INFO 40373 --- [demo] [           main] org.hibernate.orm.jpa                    : HHH008540: Processing PersistenceUnitInfo [name: default]
2026-01-17T08:44:16.030+01:00  INFO 40373 --- [demo] [           main] org.hibernate.orm.core                   : HHH000001: Hibernate ORM core version 7.2.0.Final
2026-01-17T08:44:16.266+01:00  INFO 40373 --- [demo] [           main] o.s.o.j.p.SpringPersistenceUnitInfo      : No LoadTimeWeaver setup: ignoring JPA class transformer
2026-01-17T08:44:16.280+01:00  INFO 40373 --- [demo] [           main] com.zaxxer.hikari.HikariDataSource       : HikariPool-1 - Starting...
2026-01-17T08:44:16.379+01:00  INFO 40373 --- [demo] [           main] com.zaxxer.hikari.pool.HikariPool        : HikariPool-1 - Added connection org.postgresql.jdbc.PgConnection@5d0e703a
2026-01-17T08:44:16.379+01:00  INFO 40373 --- [demo] [           main] com.zaxxer.hikari.HikariDataSource       : HikariPool-1 - Start completed.
2026-01-17T08:44:16.394+01:00  WARN 40373 --- [demo] [           main] org.hibernate.orm.deprecation            : HHH90000025: PostgreSQLDialect does not need to be specified explicitly using 'hibernate.dialect' (remove the property setting and it will be selected by default)
2026-01-17T08:44:16.403+01:00  INFO 40373 --- [demo] [           main] org.hibernate.orm.connections.pooling    : HHH10001005: Database info:
	Database JDBC URL [jdbc:postgresql://localhost:5432/PocketAccount]
	Database driver: PostgreSQL JDBC Driver
	Database dialect: PostgreSQLDialect
	Database version: 17.3
	Default catalog/schema: PocketAccount/public
	Autocommit mode: undefined/unknown
	Isolation level: READ_COMMITTED [default READ_COMMITTED]
	JDBC fetch size: none
	Pool: DataSourceConnectionProvider
	Minimum pool size: undefined/unknown
	Maximum pool size: undefined/unknown
2026-01-17T08:44:16.865+01:00  INFO 40373 --- [demo] [           main] org.hibernate.orm.core                   : HHH000489: No JTA platform available (set 'hibernate.transaction.jta.platform' to enable JTA platform integration)
2026-01-17T08:44:16.915+01:00  INFO 40373 --- [demo] [           main] j.LocalContainerEntityManagerFactoryBean : Initialized JPA EntityManagerFactory for persistence unit 'default'
2026-01-17T08:44:16.953+01:00  INFO 40373 --- [demo] [           main] o.s.d.j.r.query.QueryEnhancerFactories   : Hibernate is in classpath; If applicable, HQL parser will be used.
2026-01-17T08:44:17.484+01:00  WARN 40373 --- [demo] [           main] JpaBaseConfiguration$JpaWebConfiguration : spring.jpa.open-in-view is enabled by default. Therefore, database queries may be performed during view rendering. Explicitly configure spring.jpa.open-in-view to disable this warning
2026-01-17T08:44:17.662+01:00  INFO 40373 --- [demo] [           main] o.s.boot.tomcat.TomcatWebServer          : Tomcat started on port 8080 (http) with context path '/'
2026-01-17T08:44:17.666+01:00  INFO 40373 --- [demo] [           main] c.f.pocketaccount.DemoApplication        : Started DemoApplication in 2.55 seconds (process running for 2.782)
2026-01-17T08:44:31.280+01:00  INFO 40373 --- [demo] [nio-8080-exec-1] o.a.c.c.C.[Tomcat].[localhost].[/]       : Initializing Spring DispatcherServlet 'dispatcherServlet'
2026-01-17T08:44:31.280+01:00  INFO 40373 --- [demo] [nio-8080-exec-1] o.s.web.servlet.DispatcherServlet        : Initializing Servlet 'dispatcherServlet'
2026-01-17T08:44:31.281+01:00  INFO 40373 --- [demo] [nio-8080-exec-1] o.s.web.servlet.DispatcherServlet        : Completed initialization in 1 ms
2026-01-17T08:44:52.063+01:00  INFO 40373 --- [demo] [nio-8080-exec-6] c.f.p.i.api.ExtractionController         : Starting extraction job for document 4af48746-0463-4d0f-a5d1-499f9ddeac42 with options: useOcr=false, useAi=true, languageHint=nb, hintedType=STATEMENT
2026-01-17T08:44:52.071+01:00  INFO 40373 --- [demo] [nio-8080-exec-6] c.f.p.i.service.InterpretationJobRunner  : Starting interpretation job: 86f9d0fa-f3f2-4f3f-b06a-e4908aa56edb with useOcr=false, useAi=true, languageHint=nb
2026-01-17T08:44:52.072+01:00  INFO 40373 --- [demo] [nio-8080-exec-6] c.f.p.i.service.InterpretationJobRunner  : Performing interpretation for document: 4af48746-0463-4d0f-a5d1-499f9ddeac42 with type: STATEMENT
2026-01-17T08:44:52.072+01:00  INFO 40373 --- [demo] [nio-8080-exec-6] c.f.p.i.pipeline.InterpretationPipeline  : Starting interpretation pipeline for document: 4af48746-0463-4d0f-a5d1-499f9ddeac42 with options: InterpretationOptions(useOcr=false, useAi=true, languageHint=nb, hintedType=STATEMENT)
2026-01-17T08:44:52.073+01:00  INFO 40373 --- [demo] [nio-8080-exec-6] c.f.p.i.infra.CompositeTextExtractor     : Starting composite text extraction for document 4af48746-0463-4d0f-a5d1-499f9ddeac42
2026-01-17T08:44:52.073+01:00  INFO 40373 --- [demo] [nio-8080-exec-6] c.f.p.i.infra.PdfBoxTextExtractor        : Extracting text from document 4af48746-0463-4d0f-a5d1-499f9ddeac42 using PDFBox
2026-01-17T08:44:52.250+01:00  INFO 40373 --- [demo] [nio-8080-exec-6] c.f.p.i.infra.PdfBoxTextExtractor        : Successfully extracted 89 lines from 2 pages using PDFBox
2026-01-17T08:44:52.251+01:00  INFO 40373 --- [demo] [nio-8080-exec-6] c.f.p.i.infra.CompositeTextExtractor     : PDFBox extraction successful for document 4af48746-0463-4d0f-a5d1-499f9ddeac42, OCR not needed
2026-01-17T08:44:52.251+01:00  WARN 40373 --- [demo] [nio-8080-exec-6] c.f.p.i.pipeline.InterpretationPipeline  : DocumentClassifier not available, using hinted type or default
2026-01-17T08:44:52.251+01:00  INFO 40373 --- [demo] [nio-8080-exec-6] c.f.p.i.pipeline.InterpretationPipeline  : Document classified as: STATEMENT
2026-01-17T08:44:52.251+01:00  INFO 40373 --- [demo] [nio-8080-exec-6] c.f.p.i.i.HeuristicStatementExtractor    : Extracting statement transactions using heuristic rules
2026-01-17T08:44:52.257+01:00  INFO 40373 --- [demo] [nio-8080-exec-6] c.f.p.i.i.HeuristicStatementExtractor    : Extracted 4 valid transactions using heuristics
2026-01-17T08:44:52.257+01:00  INFO 40373 --- [demo] [nio-8080-exec-6] c.f.p.i.pipeline.InterpretationPipeline  : Interpretation pipeline completed successfully for document: 4af48746-0463-4d0f-a5d1-499f9ddeac42
2026-01-17T08:44:52.257+01:00  INFO 40373 --- [demo] [nio-8080-exec-6] c.f.p.i.service.InterpretationJobRunner  : Interpretation completed for document: 4af48746-0463-4d0f-a5d1-499f9ddeac42 with type: STATEMENT
2026-01-17T08:44:52.275+01:00  INFO 40373 --- [demo] [nio-8080-exec-6] c.f.p.i.service.InterpretationJobRunner  : Interpretation job completed successfully: 86f9d0fa-f3f2-4f3f-b06a-e4908aa56edb
2026-01-17T08:47:35.654+01:00  INFO 40373 --- [demo] [nio-8080-exec-3] c.f.p.i.api.ExtractionController         : Starting extraction job for document 4af48746-0463-4d0f-a5d1-499f9ddeac42 with options: useOcr=false, useAi=true, languageHint=nb, hintedType=STATEMENT
2026-01-17T08:47:35.660+01:00  INFO 40373 --- [demo] [nio-8080-exec-3] c.f.p.i.service.InterpretationJobRunner  : Starting interpretation job: 8b761a5e-9a1b-492f-9db2-7d5a92309dd0 with useOcr=false, useAi=true, languageHint=nb
2026-01-17T08:47:35.661+01:00  INFO 40373 --- [demo] [nio-8080-exec-3] c.f.p.i.service.InterpretationJobRunner  : Performing interpretation for document: 4af48746-0463-4d0f-a5d1-499f9ddeac42 with type: STATEMENT
2026-01-17T08:47:35.661+01:00  INFO 40373 --- [demo] [nio-8080-exec-3] c.f.p.i.pipeline.InterpretationPipeline  : Starting interpretation pipeline for document: 4af48746-0463-4d0f-a5d1-499f9ddeac42 with options: InterpretationOptions(useOcr=false, useAi=true, languageHint=nb, hintedType=STATEMENT)
2026-01-17T08:47:35.661+01:00  INFO 40373 --- [demo] [nio-8080-exec-3] c.f.p.i.infra.CompositeTextExtractor     : Starting composite text extraction for document 4af48746-0463-4d0f-a5d1-499f9ddeac42
2026-01-17T08:47:35.661+01:00  INFO 40373 --- [demo] [nio-8080-exec-3] c.f.p.i.infra.PdfBoxTextExtractor        : Extracting text from document 4af48746-0463-4d0f-a5d1-499f9ddeac42 using PDFBox
2026-01-17T08:47:35.683+01:00  INFO 40373 --- [demo] [nio-8080-exec-3] c.f.p.i.infra.PdfBoxTextExtractor        : Successfully extracted 89 lines from 2 pages using PDFBox
2026-01-17T08:47:35.684+01:00  INFO 40373 --- [demo] [nio-8080-exec-3] c.f.p.i.infra.CompositeTextExtractor     : PDFBox extraction successful for document 4af48746-0463-4d0f-a5d1-499f9ddeac42, OCR not needed
2026-01-17T08:47:35.684+01:00  WARN 40373 --- [demo] [nio-8080-exec-3] c.f.p.i.pipeline.InterpretationPipeline  : DocumentClassifier not available, using hinted type or default
2026-01-17T08:47:35.684+01:00  INFO 40373 --- [demo] [nio-8080-exec-3] c.f.p.i.pipeline.InterpretationPipeline  : Document classified as: STATEMENT
2026-01-17T08:47:35.684+01:00  INFO 40373 --- [demo] [nio-8080-exec-3] c.f.p.i.i.HeuristicStatementExtractor    : Extracting statement transactions using heuristic rules
2026-01-17T08:47:35.686+01:00  INFO 40373 --- [demo] [nio-8080-exec-3] c.f.p.i.i.HeuristicStatementExtractor    : Extracted 4 valid transactions using heuristics
2026-01-17T08:47:35.686+01:00  INFO 40373 --- [demo] [nio-8080-exec-3] c.f.p.i.pipeline.InterpretationPipeline  : Interpretation pipeline completed successfully for document: 4af48746-0463-4d0f-a5d1-499f9ddeac42
2026-01-17T08:47:35.686+01:00  INFO 40373 --- [demo] [nio-8080-exec-3] c.f.p.i.service.InterpretationJobRunner  : Interpretation completed for document: 4af48746-0463-4d0f-a5d1-499f9ddeac42 with type: STATEMENT
2026-01-17T08:47:35.692+01:00  INFO 40373 --- [demo] [nio-8080-exec-3] c.f.p.i.service.InterpretationJobRunner  : Interpretation job completed successfully: 8b761a5e-9a1b-492f-9db2-7d5a92309dd0
2026-01-17T08:56:22.535+01:00  WARN 40373 --- [demo] [l-1:housekeeper] com.zaxxer.hikari.pool.HikariPool        : HikariPool-1 - Thread starvation or clock leap detected (housekeeper delta=7m36s12ms).
2026-01-17T08:59:12.194+01:00  WARN 40373 --- [demo] [l-1:housekeeper] com.zaxxer.hikari.pool.HikariPool        : HikariPool-1 - Thread starvation or clock leap detected (housekeeper delta=1m43s434ms).
2026-01-17T09:15:14.892+01:00  WARN 40373 --- [demo] [l-1:housekeeper] com.zaxxer.hikari.pool.HikariPool        : HikariPool-1 - Thread starvation or clock leap detected (housekeeper delta=16m2s698ms).
2026-01-17T09:29:31.477+01:00  WARN 40373 --- [demo] [l-1:housekeeper] com.zaxxer.hikari.pool.HikariPool        : HikariPool-1 - Thread starvation or clock leap detected (housekeeper delta=13m46s576ms).
2026-01-17T09:40:17.315+01:00  WARN 40373 --- [demo] [l-1:housekeeper] com.zaxxer.hikari.pool.HikariPool        : HikariPool-1 - Thread starvation or clock leap detected (housekeeper delta=10m45s838ms).
2026-01-17T10:12:49.888+01:00  WARN 40373 --- [demo] [l-1:housekeeper] com.zaxxer.hikari.pool.HikariPool        : HikariPool-1 - Thread starvation or clock leap detected (housekeeper delta=32m32s573ms).
2026-01-17T10:29:19.696+01:00  WARN 40373 --- [demo] [l-1:housekeeper] com.zaxxer.hikari.pool.HikariPool        : HikariPool-1 - Thread starvation or clock leap detected (housekeeper delta=16m29s808ms).
2026-01-17T10:52:05.883+01:00  WARN 40373 --- [demo] [l-1:housekeeper] com.zaxxer.hikari.pool.HikariPool        : HikariPool-1 - Thread starvation or clock leap detected (housekeeper delta=22m46s187ms).
2026-01-17T11:39:10.120+01:00  WARN 40373 --- [demo] [l-1:housekeeper] com.zaxxer.hikari.pool.HikariPool        : HikariPool-1 - Thread starvation or clock leap detected (housekeeper delta=9m34s16ms).
2026-01-17T13:03:15.455+01:00  WARN 40373 --- [demo] [l-1:housekeeper] com.zaxxer.hikari.pool.HikariPool        : HikariPool-1 - Thread starvation or clock leap detected (housekeeper delta=16m4s962ms).
2026-01-17T13:04:12.856+01:00  WARN 40373 --- [demo] [l-1:housekeeper] com.zaxxer.hikari.pool.HikariPool        : HikariPool-1 - Thread starvation or clock leap detected (housekeeper delta=57s401ms).
2026-01-17T13:14:19.072+01:00  WARN 40373 --- [demo] [l-1:housekeeper] com.zaxxer.hikari.pool.HikariPool        : HikariPool-1 - Thread starvation or clock leap detected (housekeeper delta=9m36s205ms).
2026-01-17T14:05:18.069+01:00  WARN 40373 --- [demo] [l-1:housekeeper] com.zaxxer.hikari.pool.HikariPool        : HikariPool-1 - Thread starvation or clock leap detected (housekeeper delta=50m28s986ms).
2026-01-17T14:48:34.284+01:00  WARN 40373 --- [demo] [l-1:housekeeper] com.zaxxer.hikari.pool.HikariPool        : HikariPool-1 - Thread starvation or clock leap detected (housekeeper delta=43m16s214ms).
2026-01-17T15:06:08.456+01:00  WARN 40373 --- [demo] [l-1:housekeeper] com.zaxxer.hikari.pool.HikariPool        : HikariPool-1 - Thread starvation or clock leap detected (housekeeper delta=17m4s169ms).
2026-01-17T15:49:34.985+01:00  WARN 40373 --- [demo] [l-1:housekeeper] com.zaxxer.hikari.pool.HikariPool        : HikariPool-1 - Thread starvation or clock leap detected (housekeeper delta=43m26s529ms).
2026-01-17T16:06:55.143+01:00  WARN 40373 --- [demo] [l-1:housekeeper] com.zaxxer.hikari.pool.HikariPool        : HikariPool-1 - Thread starvation or clock leap detected (housekeeper delta=16m50s152ms).
2026-01-17T16:50:34.965+01:00  WARN 40373 --- [demo] [l-1:housekeeper] com.zaxxer.hikari.pool.HikariPool        : HikariPool-1 - Thread starvation or clock leap detected (housekeeper delta=43m39s822ms).
2026-01-17T17:08:09.092+01:00  WARN 40373 --- [demo] [l-1:housekeeper] com.zaxxer.hikari.pool.HikariPool        : HikariPool-1 - Thread starvation or clock leap detected (housekeeper delta=17m4s116ms).
2026-01-17T17:51:35.672+01:00  WARN 40373 --- [demo] [l-1:housekeeper] com.zaxxer.hikari.pool.HikariPool        : HikariPool-1 - Thread starvation or clock leap detected (housekeeper delta=43m26s580ms).
2026-01-17T17:53:20.807+01:00  WARN 40373 --- [demo] [l-1:housekeeper] com.zaxxer.hikari.pool.HikariPool        : HikariPool-1 - Thread starvation or clock leap detected (housekeeper delta=1m15s124ms).
2026-01-17T18:10:45.953+01:00  WARN 40373 --- [demo] [l-1:housekeeper] com.zaxxer.hikari.pool.HikariPool        : HikariPool-1 - Thread starvation or clock leap detected (housekeeper delta=17m25s146ms).
2026-01-17T18:28:12.456+01:00  WARN 40373 --- [demo] [l-1:housekeeper] com.zaxxer.hikari.pool.HikariPool        : HikariPool-1 - Thread starvation or clock leap detected (housekeeper delta=17m26s503ms).
2026-01-17T18:52:49.091+01:00  WARN 40373 --- [demo] [l-1:housekeeper] com.zaxxer.hikari.pool.HikariPool        : HikariPool-1 - Thread starvation or clock leap detected (housekeeper delta=24m36s635ms).
2026-01-17T19:08:32.865+01:00  WARN 40373 --- [demo] [l-1:housekeeper] com.zaxxer.hikari.pool.HikariPool        : HikariPool-1 - Thread starvation or clock leap detected (housekeeper delta=15m43s774ms).
2026-01-17T19:09:02.708+01:00  WARN 40373 --- [demo] [l-1:housekeeper] com.zaxxer.hikari.pool.HikariPool        : HikariPool-1 - Retrograde clock change detected (housekeeper delta=29s842ms), soft-evicting connections from pool.
2026-01-17T19:26:03.132+01:00  WARN 40373 --- [demo] [l-1:housekeeper] com.zaxxer.hikari.pool.HikariPool        : HikariPool-1 - Thread starvation or clock leap detected (housekeeper delta=17m424ms).
2026-01-17T19:53:37.431+01:00  WARN 40373 --- [demo] [l-1:housekeeper] com.zaxxer.hikari.pool.HikariPool        : HikariPool-1 - Thread starvation or clock leap detected (housekeeper delta=27m34s300ms).
2026-01-17T20:29:26.308+01:00  WARN 40373 --- [demo] [l-1:housekeeper] com.zaxxer.hikari.pool.HikariPool        : HikariPool-1 - Thread starvation or clock leap detected (housekeeper delta=35m18s867ms).
2026-01-17T20:54:36.795+01:00  WARN 40373 --- [demo] [l-1:housekeeper] com.zaxxer.hikari.pool.HikariPool        : HikariPool-1 - Thread starvation or clock leap detected (housekeeper delta=25m10s487ms).
2026-01-17T21:22:39.524+01:00  WARN 40373 --- [demo] [l-1:housekeeper] com.zaxxer.hikari.pool.HikariPool        : HikariPool-1 - Thread starvation or clock leap detected (housekeeper delta=27m32s718ms).
2026-01-17T21:23:55.970+01:00  WARN 40373 --- [demo] [l-1:housekeeper] com.zaxxer.hikari.pool.HikariPool        : HikariPool-1 - Thread starvation or clock leap detected (housekeeper delta=46s423ms).
2026-01-17T21:33:41.778+01:00  WARN 40373 --- [demo] [l-1:housekeeper] com.zaxxer.hikari.pool.HikariPool        : HikariPool-1 - Thread starvation or clock leap detected (housekeeper delta=9m45s808ms).
2026-01-17T21:55:43.410+01:00  WARN 40373 --- [demo] [l-1:housekeeper] com.zaxxer.hikari.pool.HikariPool        : HikariPool-1 - Thread starvation or clock leap detected (housekeeper delta=19m31s225ms).
2026-01-17T22:43:39.732+01:00  WARN 40373 --- [demo] [l-1:housekeeper] com.zaxxer.hikari.pool.HikariPool        : HikariPool-1 - Thread starvation or clock leap detected (housekeeper delta=47m26s324ms).
2026-01-17T22:56:43.518+01:00  WARN 40373 --- [demo] [l-1:housekeeper] com.zaxxer.hikari.pool.HikariPool        : HikariPool-1 - Thread starvation or clock leap detected (housekeeper delta=13m3s787ms).
2026-01-17T23:45:50.262+01:00  WARN 40373 --- [demo] [l-1:housekeeper] com.zaxxer.hikari.pool.HikariPool        : HikariPool-1 - Thread starvation or clock leap detected (housekeeper delta=49m6s744ms).
2026-01-17T23:57:55.964+01:00  WARN 40373 --- [demo] [l-1:housekeeper] com.zaxxer.hikari.pool.HikariPool        : HikariPool-1 - Thread starvation or clock leap detected (housekeeper delta=11m35s672ms).
2026-01-18T00:48:59.262+01:00  WARN 40373 --- [demo] [l-1:housekeeper] com.zaxxer.hikari.pool.HikariPool        : HikariPool-1 - Thread starvation or clock leap detected (housekeeper delta=51m3s299ms).
2026-01-18T00:58:56.968+01:00  WARN 40373 --- [demo] [l-1:housekeeper] com.zaxxer.hikari.pool.HikariPool        : HikariPool-1 - Thread starvation or clock leap detected (housekeeper delta=9m27s807ms).
2026-01-18T01:49:01.336+01:00  WARN 40373 --- [demo] [l-1:housekeeper] com.zaxxer.hikari.pool.HikariPool        : HikariPool-1 - Thread starvation or clock leap detected (housekeeper delta=50m4s368ms).
2026-01-18T01:59:55.093+01:00  WARN 40373 --- [demo] [l-1:housekeeper] com.zaxxer.hikari.pool.HikariPool        : HikariPool-1 - Thread starvation or clock leap detected (housekeeper delta=10m53s757ms).
2026-01-18T02:06:09.089+01:00  WARN 40373 --- [demo] [l-1:housekeeper] com.zaxxer.hikari.pool.HikariPool        : HikariPool-1 - Thread starvation or clock leap detected (housekeeper delta=6m13s996ms).
2026-01-18T03:14:58.603+01:00  WARN 40373 --- [demo] [l-1:housekeeper] com.zaxxer.hikari.pool.HikariPool        : HikariPool-1 - Thread starvation or clock leap detected (housekeeper delta=1h8m19s502ms).
2026-01-18T03:33:17.448+01:00  WARN 40373 --- [demo] [l-1:housekeeper] com.zaxxer.hikari.pool.HikariPool        : HikariPool-1 - Thread starvation or clock leap detected (housekeeper delta=18m18s845ms).
2026-01-18T04:23:18.334+01:00  WARN 40373 --- [demo] [l-1:housekeeper] com.zaxxer.hikari.pool.HikariPool        : HikariPool-1 - Thread starvation or clock leap detected (housekeeper delta=50m886ms).
2026-01-18T05:16:01.445+01:00  WARN 40373 --- [demo] [l-1:housekeeper] com.zaxxer.hikari.pool.HikariPool        : HikariPool-1 - Thread starvation or clock leap detected (housekeeper delta=50m43s97ms).
2026-01-18T05:32:12.115+01:00  WARN 40373 --- [demo] [l-1:housekeeper] com.zaxxer.hikari.pool.HikariPool        : HikariPool-1 - Thread starvation or clock leap detected (housekeeper delta=16m10s670ms).
2026-01-18T06:01:19.442+01:00  WARN 40373 --- [demo] [l-1:housekeeper] com.zaxxer.hikari.pool.HikariPool        : HikariPool-1 - Thread starvation or clock leap detected (housekeeper delta=28m37s316ms).
2026-01-18T06:18:51.518+01:00  WARN 40373 --- [demo] [l-1:housekeeper] com.zaxxer.hikari.pool.HikariPool        : HikariPool-1 - Thread starvation or clock leap detected (housekeeper delta=17m32s76ms).
2026-01-18T06:35:37.809+01:00  WARN 40373 --- [demo] [l-1:housekeeper] com.zaxxer.hikari.pool.HikariPool        : HikariPool-1 - Thread starvation or clock leap detected (housekeeper delta=16m16s188ms).
2026-01-18T07:23:16.817+01:00  WARN 40373 --- [demo] [l-1:housekeeper] com.zaxxer.hikari.pool.HikariPool        : HikariPool-1 - Thread starvation or clock leap detected (housekeeper delta=47m9s6ms).
2026-01-18T07:40:36.101+01:00  WARN 40373 --- [demo] [l-1:housekeeper] com.zaxxer.hikari.pool.HikariPool        : HikariPool-1 - Thread starvation or clock leap detected (housekeeper delta=16m49s275ms).
2026-01-18T08:02:13.650+01:00  WARN 40373 --- [demo] [l-1:housekeeper] com.zaxxer.hikari.pool.HikariPool        : HikariPool-1 - Thread starvation or clock leap detected (housekeeper delta=21m37s549ms).
2026-01-18T08:09:11.518+01:00  WARN 40373 --- [demo] [l-1:housekeeper] com.zaxxer.hikari.pool.HikariPool        : HikariPool-1 - Thread starvation or clock leap detected (housekeeper delta=6m27s849ms).
2026-01-18T08:42:29.396+01:00  WARN 40373 --- [demo] [l-1:housekeeper] com.zaxxer.hikari.pool.HikariPool        : HikariPool-1 - Thread starvation or clock leap detected (housekeeper delta=33m17s879ms).
2026-01-18T09:00:28.240+01:00  WARN 40373 --- [demo] [l-1:housekeeper] com.zaxxer.hikari.pool.HikariPool        : HikariPool-1 - Thread starvation or clock leap detected (housekeeper delta=17m58s844ms).
2026-01-18T09:03:27.922+01:00  WARN 40373 --- [demo] [l-1:housekeeper] com.zaxxer.hikari.pool.HikariPool        : HikariPool-1 - Thread starvation or clock leap detected (housekeeper delta=2m59s682ms).
2026-01-18T09:36:35.665+01:00  WARN 40373 --- [demo] [l-1:housekeeper] com.zaxxer.hikari.pool.HikariPool        : HikariPool-1 - Thread starvation or clock leap detected (housekeeper delta=33m7s743ms).
2026-01-18T09:53:27.290+01:00  WARN 40373 --- [demo] [l-1:housekeeper] com.zaxxer.hikari.pool.HikariPool        : HikariPool-1 - Thread starvation or clock leap detected (housekeeper delta=16m51s625ms).
2026-01-18T10:04:27.884+01:00  WARN 40373 --- [demo] [l-1:housekeeper] com.zaxxer.hikari.pool.HikariPool        : HikariPool-1 - Thread starvation or clock leap detected (housekeeper delta=11m594ms).
2026-01-18T10:19:10.886+01:00  WARN 40373 --- [demo] [l-1:housekeeper] com.zaxxer.hikari.pool.HikariPool        : HikariPool-1 - Thread starvation or clock leap detected (housekeeper delta=14m43s2ms).
2026-01-18T10:37:18.982+01:00  WARN 40373 --- [demo] [l-1:housekeeper] com.zaxxer.hikari.pool.HikariPool        : HikariPool-1 - Thread starvation or clock leap detected (housekeeper delta=18m8s96ms).
2026-01-18T10:54:27.694+01:00  WARN 40373 --- [demo] [l-1:housekeeper] com.zaxxer.hikari.pool.HikariPool        : HikariPool-1 - Thread starvation or clock leap detected (housekeeper delta=17m8s712ms).
2026-01-18T11:05:25.554+01:00  WARN 40373 --- [demo] [l-1:housekeeper] com.zaxxer.hikari.pool.HikariPool        : HikariPool-1 - Thread starvation or clock leap detected (housekeeper delta=10m57s860ms).
2026-01-18T11:38:41.050+01:00  WARN 40373 --- [demo] [l-1:housekeeper] com.zaxxer.hikari.pool.HikariPool        : HikariPool-1 - Thread starvation or clock leap detected (housekeeper delta=33m15s496ms).
2026-01-18T11:55:42.305+01:00  WARN 40373 --- [demo] [l-1:housekeeper] com.zaxxer.hikari.pool.HikariPool        : HikariPool-1 - Thread starvation or clock leap detected (housekeeper delta=16m26s679ms).
2026-01-18T12:06:07.980+01:00  WARN 40373 --- [demo] [l-1:housekeeper] com.zaxxer.hikari.pool.HikariPool        : HikariPool-1 - Thread starvation or clock leap detected (housekeeper delta=10m25s671ms).
2026-01-18T12:47:35.466+01:00  WARN 40373 --- [demo] [l-1:housekeeper] com.zaxxer.hikari.pool.HikariPool        : HikariPool-1 - Thread starvation or clock leap detected (housekeeper delta=40m57s466ms).
2026-01-18T13:07:08.388+01:00  WARN 40373 --- [demo] [l-1:housekeeper] com.zaxxer.hikari.pool.HikariPool        : HikariPool-1 - Thread starvation or clock leap detected (housekeeper delta=19m2s888ms).
2026-01-18T13:22:38.137+01:00  WARN 40373 --- [demo] [l-1:housekeeper] com.zaxxer.hikari.pool.HikariPool        : HikariPool-1 - Thread starvation or clock leap detected (housekeeper delta=15m29s749ms).
2026-01-18T13:37:04.684+01:00  WARN 40373 --- [demo] [l-1:housekeeper] com.zaxxer.hikari.pool.HikariPool        : HikariPool-1 - Thread starvation or clock leap detected (housekeeper delta=13m51s8ms).
2026-01-18T14:08:06.767+01:00  WARN 40373 --- [demo] [l-1:housekeeper] com.zaxxer.hikari.pool.HikariPool        : HikariPool-1 - Thread starvation or clock leap detected (housekeeper delta=31m2s83ms).
2026-01-18T14:10:13.852+01:00  WARN 40373 --- [demo] [l-1:housekeeper] com.zaxxer.hikari.pool.HikariPool        : HikariPool-1 - Thread starvation or clock leap detected (housekeeper delta=1m37s69ms).
2026-01-18T14:28:12.750+01:00  WARN 40373 --- [demo] [l-1:housekeeper] com.zaxxer.hikari.pool.HikariPool        : HikariPool-1 - Thread starvation or clock leap detected (housekeeper delta=17m58s898ms).
2026-01-18T14:29:10.405+01:00  WARN 40373 --- [demo] [l-1:housekeeper] com.zaxxer.hikari.pool.HikariPool        : HikariPool-1 - Thread starvation or clock leap detected (housekeeper delta=57s655ms).
2026-01-18T14:56:55.924+01:00  WARN 40373 --- [demo] [l-1:housekeeper] com.zaxxer.hikari.pool.HikariPool        : HikariPool-1 - Thread starvation or clock leap detected (housekeeper delta=27m45s519ms).
2026-01-18T15:09:32.164+01:00  WARN 40373 --- [demo] [l-1:housekeeper] com.zaxxer.hikari.pool.HikariPool        : HikariPool-1 - Thread starvation or clock leap detected (housekeeper delta=12m6s222ms).
2026-01-18T15:26:06.429+01:00  WARN 40373 --- [demo] [l-1:housekeeper] com.zaxxer.hikari.pool.HikariPool        : HikariPool-1 - Thread starvation or clock leap detected (housekeeper delta=16m34s265ms).
2026-01-18T16:10:12.665+01:00  WARN 40373 --- [demo] [l-1:housekeeper] com.zaxxer.hikari.pool.HikariPool        : HikariPool-1 - Thread starvation or clock leap detected (housekeeper delta=43m36s233ms).
2026-01-18T16:28:05.305+01:00  WARN 40373 --- [demo] [l-1:housekeeper] com.zaxxer.hikari.pool.HikariPool        : HikariPool-1 - Thread starvation or clock leap detected (housekeeper delta=17m52s640ms).
2026-01-18T17:04:14.806+01:00  WARN 40373 --- [demo] [l-1:housekeeper] com.zaxxer.hikari.pool.HikariPool        : HikariPool-1 - Thread starvation or clock leap detected (housekeeper delta=35m39s513ms).
2026-01-18T17:11:21.275+01:00  WARN 40373 --- [demo] [l-1:housekeeper] com.zaxxer.hikari.pool.HikariPool        : HikariPool-1 - Thread starvation or clock leap detected (housekeeper delta=7m6s469ms).
2026-01-18T17:27:04.673+01:00  WARN 40373 --- [demo] [l-1:housekeeper] com.zaxxer.hikari.pool.HikariPool        : HikariPool-1 - Thread starvation or clock leap detected (housekeeper delta=15m43s398ms).
2026-01-18T18:12:11.221+01:00  WARN 40373 --- [demo] [l-1:housekeeper] com.zaxxer.hikari.pool.HikariPool        : HikariPool-1 - Thread starvation or clock leap detected (housekeeper delta=44m36s525ms).
2026-01-18T18:16:34.912+01:00  WARN 40373 --- [demo] [l-1:housekeeper] com.zaxxer.hikari.pool.HikariPool        : HikariPool-1 - Thread starvation or clock leap detected (housekeeper delta=4m23s691ms).
2026-01-18T18:32:29.273+01:00  WARN 40373 --- [demo] [l-1:housekeeper] com.zaxxer.hikari.pool.HikariPool        : HikariPool-1 - Thread starvation or clock leap detected (housekeeper delta=15m24s352ms).
2026-01-18T18:54:58.492+01:00  WARN 40373 --- [demo] [l-1:housekeeper] com.zaxxer.hikari.pool.HikariPool        : HikariPool-1 - Thread starvation or clock leap detected (housekeeper delta=22m29s219ms).
2026-01-18T19:12:52.008+01:00  WARN 40373 --- [demo] [l-1:housekeeper] com.zaxxer.hikari.pool.HikariPool        : HikariPool-1 - Thread starvation or clock leap detected (housekeeper delta=17m23s491ms).
2026-01-18T19:27:10.464+01:00  WARN 40373 --- [demo] [l-1:housekeeper] com.zaxxer.hikari.pool.HikariPool        : HikariPool-1 - Thread starvation or clock leap detected (housekeeper delta=14m18s456ms).
2026-01-18T20:13:51.090+01:00  WARN 40373 --- [demo] [l-1:housekeeper] com.zaxxer.hikari.pool.HikariPool        : HikariPool-1 - Thread starvation or clock leap detected (housekeeper delta=46m10s615ms).
2026-01-18T20:29:49.107+01:00  WARN 40373 --- [demo] [l-1:housekeeper] com.zaxxer.hikari.pool.HikariPool        : HikariPool-1 - Thread starvation or clock leap detected (housekeeper delta=15m58s16ms).
2026-01-18T21:03:55.133+01:00  WARN 40373 --- [demo] [l-1:housekeeper] com.zaxxer.hikari.pool.HikariPool        : HikariPool-1 - Thread starvation or clock leap detected (housekeeper delta=34m6s27ms).
2026-01-18T21:15:01.213+01:00  WARN 40373 --- [demo] [l-1:housekeeper] com.zaxxer.hikari.pool.HikariPool        : HikariPool-1 - Thread starvation or clock leap detected (housekeeper delta=10m36s68ms).
2026-01-18T22:04:06.689+01:00  WARN 40373 --- [demo] [l-1:housekeeper] com.zaxxer.hikari.pool.HikariPool        : HikariPool-1 - Thread starvation or clock leap detected (housekeeper delta=49m5s476ms).
2026-01-18T22:06:49.325+01:00  WARN 40373 --- [demo] [l-1:housekeeper] com.zaxxer.hikari.pool.HikariPool        : HikariPool-1 - Thread starvation or clock leap detected (housekeeper delta=2m42s636ms).
2026-01-18T22:15:41.366+01:00  WARN 40373 --- [demo] [l-1:housekeeper] com.zaxxer.hikari.pool.HikariPool        : HikariPool-1 - Thread starvation or clock leap detected (housekeeper delta=8m52s40ms).
2026-01-18T23:16:38.413+01:00  WARN 40373 --- [demo] [l-1:housekeeper] com.zaxxer.hikari.pool.HikariPool        : HikariPool-1 - Thread starvation or clock leap detected (housekeeper delta=1h27s37ms).
2026-01-19T00:17:35.360+01:00  WARN 40373 --- [demo] [l-1:housekeeper] com.zaxxer.hikari.pool.HikariPool        : HikariPool-1 - Thread starvation or clock leap detected (housekeeper delta=1h26s931ms).
2026-01-19T01:08:11.737+01:00  WARN 40373 --- [demo] [l-1:housekeeper] com.zaxxer.hikari.pool.HikariPool        : HikariPool-1 - Thread starvation or clock leap detected (housekeeper delta=50m6s394ms).
2026-01-19T01:19:02.476+01:00  WARN 40373 --- [demo] [l-1:housekeeper] com.zaxxer.hikari.pool.HikariPool        : HikariPool-1 - Thread starvation or clock leap detected (housekeeper delta=10m50s739ms).
2026-01-19T01:55:07.484+01:00  WARN 40373 --- [demo] [l-1:housekeeper] com.zaxxer.hikari.pool.HikariPool        : HikariPool-1 - Thread starvation or clock leap detected (housekeeper delta=36m5s8ms).
2026-01-19T02:30:11.430+01:00  WARN 40373 --- [demo] [l-1:housekeeper] com.zaxxer.hikari.pool.HikariPool        : HikariPool-1 - Thread starvation or clock leap detected (housekeeper delta=34m33s934ms).
2026-01-19T02:45:10.279+01:00  WARN 40373 --- [demo] [l-1:housekeeper] com.zaxxer.hikari.pool.HikariPool        : HikariPool-1 - Thread starvation or clock leap detected (housekeeper delta=14m58s850ms).
2026-01-19T03:02:50.722+01:00  WARN 40373 --- [demo] [l-1:housekeeper] com.zaxxer.hikari.pool.HikariPool        : HikariPool-1 - Thread starvation or clock leap detected (housekeeper delta=17m40s443ms).
2026-01-19T03:36:00.618+01:00  WARN 40373 --- [demo] [l-1:housekeeper] com.zaxxer.hikari.pool.HikariPool        : HikariPool-1 - Thread starvation or clock leap detected (housekeeper delta=33m9s896ms).
2026-01-19T03:51:43.245+01:00  WARN 40373 --- [demo] [l-1:housekeeper] com.zaxxer.hikari.pool.HikariPool        : HikariPool-1 - Thread starvation or clock leap detected (housekeeper delta=15m42s627ms).
2026-01-19T04:41:53.538+01:00  WARN 40373 --- [demo] [l-1:housekeeper] com.zaxxer.hikari.pool.HikariPool        : HikariPool-1 - Thread starvation or clock leap detected (housekeeper delta=50m10s293ms).
2026-01-19T04:58:28.311+01:00  WARN 40373 --- [demo] [l-1:housekeeper] com.zaxxer.hikari.pool.HikariPool        : HikariPool-1 - Thread starvation or clock leap detected (housekeeper delta=16m34s773ms).
2026-01-19T05:49:17.253+01:00  WARN 40373 --- [demo] [l-1:housekeeper] com.zaxxer.hikari.pool.HikariPool        : HikariPool-1 - Thread starvation or clock leap detected (housekeeper delta=50m48s942ms).
2026-01-19T06:01:11.972+01:00  WARN 40373 --- [demo] [l-1:housekeeper] com.zaxxer.hikari.pool.HikariPool        : HikariPool-1 - Thread starvation or clock leap detected (housekeeper delta=11m54s719ms).
2026-01-19T06:16:48.229+01:00  WARN 40373 --- [demo] [l-1:housekeeper] com.zaxxer.hikari.pool.HikariPool        : HikariPool-1 - Thread starvation or clock leap detected (housekeeper delta=15m36s257ms).
2026-01-19T06:36:06.368+01:00  WARN 40373 --- [demo] [l-1:housekeeper] com.zaxxer.hikari.pool.HikariPool        : HikariPool-1 - Thread starvation or clock leap detected (housekeeper delta=19m18s139ms).
2026-01-19T06:52:55.698+01:00  WARN 40373 --- [demo] [l-1:housekeeper] com.zaxxer.hikari.pool.HikariPool        : HikariPool-1 - Thread starvation or clock leap detected (housekeeper delta=16m49s330ms).
2026-01-19T07:01:26.541+01:00  WARN 40373 --- [demo] [l-1:housekeeper] com.zaxxer.hikari.pool.HikariPool        : HikariPool-1 - Thread starvation or clock leap detected (housekeeper delta=8m30s843ms).
2026-01-19T07:18:21.241+01:00  WARN 40373 --- [demo] [l-1:housekeeper] com.zaxxer.hikari.pool.HikariPool        : HikariPool-1 - Thread starvation or clock leap detected (housekeeper delta=16m54s700ms).
2026-01-19T07:41:16.930+01:00  WARN 40373 --- [demo] [l-1:housekeeper] com.zaxxer.hikari.pool.HikariPool        : HikariPool-1 - Thread starvation or clock leap detected (housekeeper delta=22m25s689ms).
2026-01-19T07:56:56.909+01:00  WARN 40373 --- [demo] [l-1:housekeeper] com.zaxxer.hikari.pool.HikariPool        : HikariPool-1 - Thread starvation or clock leap detected (housekeeper delta=15m39s979ms).
2026-01-19T08:02:07.471+01:00  WARN 40373 --- [demo] [l-1:housekeeper] com.zaxxer.hikari.pool.HikariPool        : HikariPool-1 - Thread starvation or clock leap detected (housekeeper delta=5m10s562ms).
2026-01-19T08:52:49.308+01:00  WARN 40373 --- [demo] [l-1:housekeeper] com.zaxxer.hikari.pool.HikariPool        : HikariPool-1 - Thread starvation or clock leap detected (housekeeper delta=50m11s826ms).
2026-01-19T09:03:26.129+01:00  WARN 40373 --- [demo] [l-1:housekeeper] com.zaxxer.hikari.pool.HikariPool        : HikariPool-1 - Thread starvation or clock leap detected (housekeeper delta=10m36s821ms).
2026-01-19T10:04:07.996+01:00  WARN 40373 --- [demo] [l-1:housekeeper] com.zaxxer.hikari.pool.HikariPool        : HikariPool-1 - Thread starvation or clock leap detected (housekeeper delta=1h41s867ms).
2026-01-19T10:38:15.757+01:00  WARN 40373 --- [demo] [l-1:housekeeper] com.zaxxer.hikari.pool.HikariPool        : HikariPool-1 - Thread starvation or clock leap detected (housekeeper delta=34m7s761ms).
2026-01-19T10:58:23.410+01:00  WARN 40373 --- [demo] [l-1:housekeeper] com.zaxxer.hikari.pool.HikariPool        : HikariPool-1 - Thread starvation or clock leap detected (housekeeper delta=20m7s653ms).
2026-01-19T11:05:11.590+01:00  WARN 40373 --- [demo] [l-1:housekeeper] com.zaxxer.hikari.pool.HikariPool        : HikariPool-1 - Thread starvation or clock leap detected (housekeeper delta=6m48s179ms).
2026-01-19T11:38:05.882+01:00  WARN 40373 --- [demo] [l-1:housekeeper] com.zaxxer.hikari.pool.HikariPool        : HikariPool-1 - Thread starvation or clock leap detected (housekeeper delta=32m54s293ms).
2026-01-19T12:06:23.502+01:00  WARN 40373 --- [demo] [l-1:housekeeper] com.zaxxer.hikari.pool.HikariPool        : HikariPool-1 - Thread starvation or clock leap detected (housekeeper delta=28m17s620ms).
2026-01-19T13:07:05.858+01:00  WARN 40373 --- [demo] [l-1:housekeeper] com.zaxxer.hikari.pool.HikariPool        : HikariPool-1 - Thread starvation or clock leap detected (housekeeper delta=1h42s356ms).
2026-01-19T14:08:03.412+01:00  WARN 40373 --- [demo] [l-1:housekeeper] com.zaxxer.hikari.pool.HikariPool        : HikariPool-1 - Thread starvation or clock leap detected (housekeeper delta=1h27s544ms).
2026-01-19T15:09:06.745+01:00  WARN 40373 --- [demo] [l-1:housekeeper] com.zaxxer.hikari.pool.HikariPool        : HikariPool-1 - Thread starvation or clock leap detected (housekeeper delta=1h33s324ms).
2026-01-19T16:09:39.522+01:00  WARN 40373 --- [demo] [l-1:housekeeper] com.zaxxer.hikari.pool.HikariPool        : HikariPool-1 - Thread starvation or clock leap detected (housekeeper delta=1h2s767ms).
2026-01-19T16:25:43.139+01:00  WARN 40373 --- [demo] [l-1:housekeeper] com.zaxxer.hikari.pool.HikariPool        : HikariPool-1 - Thread starvation or clock leap detected (housekeeper delta=16m3s617ms).
2026-01-19T17:02:49.092+01:00  WARN 40373 --- [demo] [l-1:housekeeper] com.zaxxer.hikari.pool.HikariPool        : HikariPool-1 - Thread starvation or clock leap detected (housekeeper delta=37m5s953ms).
2026-01-19T17:10:34.073+01:00  WARN 40373 --- [demo] [l-1:housekeeper] com.zaxxer.hikari.pool.HikariPool        : HikariPool-1 - Thread starvation or clock leap detected (housekeeper delta=7m44s981ms).
2026-01-19T17:12:32.852+01:00  WARN 40373 --- [demo] [l-1:housekeeper] com.zaxxer.hikari.pool.HikariPool        : HikariPool-1 - Thread starvation or clock leap detected (housekeeper delta=1m28s777ms).
2026-01-19T17:31:01.358+01:00  WARN 40373 --- [demo] [l-1:housekeeper] com.zaxxer.hikari.pool.HikariPool        : HikariPool-1 - Thread starvation or clock leap detected (housekeeper delta=18m28s506ms).
2026-01-19T17:48:48.783+01:00  WARN 40373 --- [demo] [l-1:housekeeper] com.zaxxer.hikari.pool.HikariPool        : HikariPool-1 - Thread starvation or clock leap detected (housekeeper delta=17m47s425ms).
2026-01-19T18:11:54.079+01:00  WARN 40373 --- [demo] [l-1:housekeeper] com.zaxxer.hikari.pool.HikariPool        : HikariPool-1 - Thread starvation or clock leap detected (housekeeper delta=23m5s296ms).
2026-01-19T18:29:06.081+01:00  WARN 40373 --- [demo] [l-1:housekeeper] com.zaxxer.hikari.pool.HikariPool        : HikariPool-1 - Thread starvation or clock leap detected (housekeeper delta=17m12s2ms).
2026-01-19T19:11:04.249+01:00  WARN 40373 --- [demo] [l-1:housekeeper] com.zaxxer.hikari.pool.HikariPool        : HikariPool-1 - Thread starvation or clock leap detected (housekeeper delta=41m25s463ms).
2026-01-19T19:28:36.468+01:00  WARN 40373 --- [demo] [l-1:housekeeper] com.zaxxer.hikari.pool.HikariPool        : HikariPool-1 - Thread starvation or clock leap detected (housekeeper delta=17m32s219ms).
2026-01-19T20:08:52.604+01:00  WARN 40373 --- [demo] [l-1:housekeeper] com.zaxxer.hikari.pool.HikariPool        : HikariPool-1 - Thread starvation or clock leap detected (housekeeper delta=39m46s132ms).
2026-01-19T20:12:43.887+01:00  WARN 40373 --- [demo] [l-1:housekeeper] com.zaxxer.hikari.pool.HikariPool        : HikariPool-1 - Thread starvation or clock leap detected (housekeeper delta=3m51s283ms).
2026-01-19T20:15:58.761+01:00  WARN 40373 --- [demo] [l-1:housekeeper] com.zaxxer.hikari.pool.HikariPool        : HikariPool-1 - Thread starvation or clock leap detected (housekeeper delta=2m44s871ms).
2026-01-19T20:33:43.805+01:00  WARN 40373 --- [demo] [l-1:housekeeper] com.zaxxer.hikari.pool.HikariPool        : HikariPool-1 - Thread starvation or clock leap detected (housekeeper delta=17m45s44ms).
2026-01-19T20:46:48.166+01:00  WARN 40373 --- [demo] [l-1:housekeeper] com.zaxxer.hikari.pool.HikariPool        : HikariPool-1 - Thread starvation or clock leap detected (housekeeper delta=13m4s361ms).
2026-01-19T20:59:01.755+01:00  WARN 40373 --- [demo] [l-1:housekeeper] com.zaxxer.hikari.pool.HikariPool        : HikariPool-1 - Thread starvation or clock leap detected (housekeeper delta=12m13s589ms).
2026-01-19T20:59:50.114+01:00  WARN 40373 --- [demo] [l-1:housekeeper] com.zaxxer.hikari.pool.HikariPool        : HikariPool-1 - Thread starvation or clock leap detected (housekeeper delta=48s359ms).
2026-01-19T21:00:41.893+01:00  WARN 40373 --- [demo] [l-1:housekeeper] com.zaxxer.hikari.pool.HikariPool        : HikariPool-1 - Thread starvation or clock leap detected (housekeeper delta=51s778ms).
2026-01-19T21:10:34.758+01:00  WARN 40373 --- [demo] [l-1:housekeeper] com.zaxxer.hikari.pool.HikariPool        : HikariPool-1 - Thread starvation or clock leap detected (housekeeper delta=9m52s866ms).
2026-01-19T21:13:25.839+01:00  WARN 40373 --- [demo] [l-1:housekeeper] com.zaxxer.hikari.pool.HikariPool        : HikariPool-1 - Thread starvation or clock leap detected (housekeeper delta=2m51s81ms).
2026-01-19T21:50:05.196+01:00  WARN 40373 --- [demo] [l-1:housekeeper] com.zaxxer.hikari.pool.HikariPool        : HikariPool-1 - Thread starvation or clock leap detected (housekeeper delta=36m9s349ms).
2026-01-19T22:14:25.677+01:00  WARN 40373 --- [demo] [l-1:housekeeper] com.zaxxer.hikari.pool.HikariPool        : HikariPool-1 - Thread starvation or clock leap detected (housekeeper delta=24m20s481ms).
2026-01-19T23:05:02.038+01:00  WARN 40373 --- [demo] [l-1:housekeeper] com.zaxxer.hikari.pool.HikariPool        : HikariPool-1 - Thread starvation or clock leap detected (housekeeper delta=50m6s350ms).
2026-01-19T23:15:25.840+01:00  WARN 40373 --- [demo] [l-1:housekeeper] com.zaxxer.hikari.pool.HikariPool        : HikariPool-1 - Thread starvation or clock leap detected (housekeeper delta=10m23s802ms).
2026-01-20T00:16:23.594+01:00  WARN 40373 --- [demo] [l-1:housekeeper] com.zaxxer.hikari.pool.HikariPool        : HikariPool-1 - Thread starvation or clock leap detected (housekeeper delta=1h27s748ms).
2026-01-20T01:17:20.672+01:00  WARN 40373 --- [demo] [l-1:housekeeper] com.zaxxer.hikari.pool.HikariPool        : HikariPool-1 - Thread starvation or clock leap detected (housekeeper delta=1h27s86ms).
2026-01-20T01:35:09.517+01:00  WARN 40373 --- [demo] [l-1:housekeeper] com.zaxxer.hikari.pool.HikariPool        : HikariPool-1 - Thread starvation or clock leap detected (housekeeper delta=17m48s845ms).
2026-01-20T02:24:41.777+01:00  WARN 40373 --- [demo] [l-1:housekeeper] com.zaxxer.hikari.pool.HikariPool        : HikariPool-1 - Thread starvation or clock leap detected (housekeeper delta=49m32s260ms).
2026-01-20T03:14:54.950+01:00  WARN 40373 --- [demo] [l-1:housekeeper] com.zaxxer.hikari.pool.HikariPool        : HikariPool-1 - Thread starvation or clock leap detected (housekeeper delta=50m13s173ms).
2026-01-20T03:24:27.641+01:00  WARN 40373 --- [demo] [l-1:housekeeper] com.zaxxer.hikari.pool.HikariPool        : HikariPool-1 - Thread starvation or clock leap detected (housekeeper delta=9m32s691ms).
2026-01-20T03:46:06.633+01:00  WARN 40373 --- [demo] [l-1:housekeeper] com.zaxxer.hikari.pool.HikariPool        : HikariPool-1 - Thread starvation or clock leap detected (housekeeper delta=21m5s572ms).
2026-01-20T04:36:29.131+01:00  WARN 40373 --- [demo] [l-1:housekeeper] com.zaxxer.hikari.pool.HikariPool        : HikariPool-1 - Thread starvation or clock leap detected (housekeeper delta=49m52s512ms).
2026-01-20T04:53:47.847+01:00  WARN 40373 --- [demo] [l-1:housekeeper] com.zaxxer.hikari.pool.HikariPool        : HikariPool-1 - Thread starvation or clock leap detected (housekeeper delta=17m18s716ms).
2026-01-20T05:11:52.367+01:00  WARN 40373 --- [demo] [l-1:housekeeper] com.zaxxer.hikari.pool.HikariPool        : HikariPool-1 - Thread starvation or clock leap detected (housekeeper delta=18m4s520ms).
2026-01-20T05:56:18.555+01:00  WARN 40373 --- [demo] [l-1:housekeeper] com.zaxxer.hikari.pool.HikariPool        : HikariPool-1 - Thread starvation or clock leap detected (housekeeper delta=44m26s188ms).
2026-01-20T05:57:47.844+01:00  WARN 40373 --- [demo] [l-1:housekeeper] com.zaxxer.hikari.pool.HikariPool        : HikariPool-1 - Thread starvation or clock leap detected (housekeeper delta=59s284ms).
2026-01-20T06:00:26.768+01:00  WARN 40373 --- [demo] [l-1:housekeeper] com.zaxxer.hikari.pool.HikariPool        : HikariPool-1 - Thread starvation or clock leap detected (housekeeper delta=2m38s924ms).
2026-01-20T06:33:54.196+01:00  WARN 40373 --- [demo] [l-1:housekeeper] com.zaxxer.hikari.pool.HikariPool        : HikariPool-1 - Thread starvation or clock leap detected (housekeeper delta=33m27s428ms).
2026-01-20T06:36:33.612+01:00  WARN 40373 --- [demo] [l-1:housekeeper] com.zaxxer.hikari.pool.HikariPool        : HikariPool-1 - Thread starvation or clock leap detected (housekeeper delta=2m39s416ms).
2026-01-20T06:51:25.853+01:00  WARN 40373 --- [demo] [l-1:housekeeper] com.zaxxer.hikari.pool.HikariPool        : HikariPool-1 - Thread starvation or clock leap detected (housekeeper delta=14m52s241ms).
2026-01-20T07:07:19.738+01:00  WARN 40373 --- [demo] [l-1:housekeeper] com.zaxxer.hikari.pool.HikariPool        : HikariPool-1 - Thread starvation or clock leap detected (housekeeper delta=15m53s885ms).
2026-01-20T07:41:42.125+01:00  WARN 40373 --- [demo] [l-1:housekeeper] com.zaxxer.hikari.pool.HikariPool        : HikariPool-1 - Thread starvation or clock leap detected (housekeeper delta=34m22s387ms).
2026-01-20T08:01:42.769+01:00  WARN 40373 --- [demo] [l-1:housekeeper] com.zaxxer.hikari.pool.HikariPool        : HikariPool-1 - Thread starvation or clock leap detected (housekeeper delta=20m644ms).
2026-01-20T08:17:37.926+01:00  WARN 40373 --- [demo] [l-1:housekeeper] com.zaxxer.hikari.pool.HikariPool        : HikariPool-1 - Thread starvation or clock leap detected (housekeeper delta=15m55s157ms).
2026-01-20T08:53:14.183+01:00  WARN 40373 --- [demo] [l-1:housekeeper] com.zaxxer.hikari.pool.HikariPool        : HikariPool-1 - Thread starvation or clock leap detected (housekeeper delta=35m36s257ms).
2026-01-20T09:02:42.993+01:00  WARN 40373 --- [demo] [l-1:housekeeper] com.zaxxer.hikari.pool.HikariPool        : HikariPool-1 - Thread starvation or clock leap detected (housekeeper delta=9m28s810ms).
2026-01-20T09:21:08.835+01:00  WARN 40373 --- [demo] [l-1:housekeeper] com.zaxxer.hikari.pool.HikariPool        : HikariPool-1 - Thread starvation or clock leap detected (housekeeper delta=18m25s842ms).
2026-01-20T10:03:34.870+01:00  WARN 40373 --- [demo] [l-1:housekeeper] com.zaxxer.hikari.pool.HikariPool        : HikariPool-1 - Thread starvation or clock leap detected (housekeeper delta=42m26s35ms).
2026-01-20T10:36:13.654+01:00  WARN 40373 --- [demo] [l-1:housekeeper] com.zaxxer.hikari.pool.HikariPool        : HikariPool-1 - Thread starvation or clock leap detected (housekeeper delta=32m38s784ms).
2026-01-20T11:04:18.355+01:00  WARN 40373 --- [demo] [l-1:housekeeper] com.zaxxer.hikari.pool.HikariPool        : HikariPool-1 - Thread starvation or clock leap detected (housekeeper delta=28m4s701ms).
2026-01-20T11:37:05.682+01:00  WARN 40373 --- [demo] [l-1:housekeeper] com.zaxxer.hikari.pool.HikariPool        : HikariPool-1 - Thread starvation or clock leap detected (housekeeper delta=32m47s327ms).
2026-01-20T12:05:29.644+01:00  WARN 40373 --- [demo] [l-1:housekeeper] com.zaxxer.hikari.pool.HikariPool        : HikariPool-1 - Thread starvation or clock leap detected (housekeeper delta=27m53s957ms).
2026-01-20T12:38:11.657+01:00  WARN 40373 --- [demo] [l-1:housekeeper] com.zaxxer.hikari.pool.HikariPool        : HikariPool-1 - Thread starvation or clock leap detected (housekeeper delta=32m42s13ms).
2026-01-20T12:47:32.483+01:00  WARN 40373 --- [demo] [l-1:housekeeper] com.zaxxer.hikari.pool.HikariPool        : HikariPool-1 - Thread starvation or clock leap detected (housekeeper delta=9m20s826ms).
2026-01-20T13:06:26.277+01:00  WARN 40373 --- [demo] [l-1:housekeeper] com.zaxxer.hikari.pool.HikariPool        : HikariPool-1 - Thread starvation or clock leap detected (housekeeper delta=18m53s794ms).
2026-01-20T13:53:54.152+01:00  WARN 40373 --- [demo] [l-1:housekeeper] com.zaxxer.hikari.pool.HikariPool        : HikariPool-1 - Thread starvation or clock leap detected (housekeeper delta=47m27s875ms).
2026-01-20T14:07:34.561+01:00  WARN 40373 --- [demo] [l-1:housekeeper] com.zaxxer.hikari.pool.HikariPool        : HikariPool-1 - Thread starvation or clock leap detected (housekeeper delta=13m40s409ms).
2026-01-20T14:58:02.986+01:00  WARN 40373 --- [demo] [l-1:housekeeper] com.zaxxer.hikari.pool.HikariPool        : HikariPool-1 - Thread starvation or clock leap detected (housekeeper delta=50m28s425ms).
2026-01-20T15:42:44.631+01:00  WARN 40373 --- [demo] [l-1:housekeeper] com.zaxxer.hikari.pool.HikariPool        : HikariPool-1 - Thread starvation or clock leap detected (housekeeper delta=44m41s645ms).
2026-01-20T15:59:36.444+01:00  WARN 40373 --- [demo] [l-1:housekeeper] com.zaxxer.hikari.pool.HikariPool        : HikariPool-1 - Thread starvation or clock leap detected (housekeeper delta=16m51s813ms).
2026-01-20T16:10:22.910+01:00  WARN 40373 --- [demo] [l-1:housekeeper] com.zaxxer.hikari.pool.HikariPool        : HikariPool-1 - Thread starvation or clock leap detected (housekeeper delta=10m46s466ms).
2026-01-20T16:13:21.571+01:00  WARN 40373 --- [demo] [l-1:housekeeper] com.zaxxer.hikari.pool.HikariPool        : HikariPool-1 - Thread starvation or clock leap detected (housekeeper delta=2m58s661ms).
2026-01-20T17:02:58.893+01:00  WARN 40373 --- [demo] [l-1:housekeeper] com.zaxxer.hikari.pool.HikariPool        : HikariPool-1 - Thread starvation or clock leap detected (housekeeper delta=49m7s316ms).
2026-01-20T17:08:50.871+01:00  WARN 40373 --- [demo] [l-1:housekeeper] com.zaxxer.hikari.pool.HikariPool        : HikariPool-1 - Thread starvation or clock leap detected (housekeeper delta=5m51s977ms).
2026-01-20T17:09:20.516+01:00  WARN 40373 --- [demo] [l-1:housekeeper] com.zaxxer.hikari.pool.HikariPool        : HikariPool-1 - Retrograde clock change detected (housekeeper delta=29s646ms), soft-evicting connections from pool.
2026-01-20T17:59:35.031+01:00  WARN 40373 --- [demo] [l-1:housekeeper] com.zaxxer.hikari.pool.HikariPool        : HikariPool-1 - Thread starvation or clock leap detected (housekeeper delta=50m14s515ms).
2026-01-20T18:10:46.001+01:00  WARN 40373 --- [demo] [l-1:housekeeper] com.zaxxer.hikari.pool.HikariPool        : HikariPool-1 - Thread starvation or clock leap detected (housekeeper delta=11m10s969ms).
2026-01-20T18:45:18.679+01:00  WARN 40373 --- [demo] [l-1:housekeeper] com.zaxxer.hikari.pool.HikariPool        : HikariPool-1 - Thread starvation or clock leap detected (housekeeper delta=34m32s679ms).
2026-01-20T19:11:42.995+01:00  WARN 40373 --- [demo] [l-1:housekeeper] com.zaxxer.hikari.pool.HikariPool        : HikariPool-1 - Thread starvation or clock leap detected (housekeeper delta=26m24s316ms).
2026-01-20T19:28:49.683+01:00  WARN 40373 --- [demo] [l-1:housekeeper] com.zaxxer.hikari.pool.HikariPool        : HikariPool-1 - Thread starvation or clock leap detected (housekeeper delta=16m34s151ms).
2026-01-20T19:50:27.079+01:00  WARN 40373 --- [demo] [l-1:housekeeper] com.zaxxer.hikari.pool.HikariPool        : HikariPool-1 - Thread starvation or clock leap detected (housekeeper delta=21m37s395ms).
2026-01-20T20:12:20.710+01:00  WARN 40373 --- [demo] [l-1:housekeeper] com.zaxxer.hikari.pool.HikariPool        : HikariPool-1 - Thread starvation or clock leap detected (housekeeper delta=21m53s632ms).
2026-01-20T21:06:13.518+01:00  WARN 40373 --- [demo] [l-1:housekeeper] com.zaxxer.hikari.pool.HikariPool        : HikariPool-1 - Thread starvation or clock leap detected (housekeeper delta=53m22s798ms).
2026-01-20T21:13:34.317+01:00  WARN 40373 --- [demo] [l-1:housekeeper] com.zaxxer.hikari.pool.HikariPool        : HikariPool-1 - Thread starvation or clock leap detected (housekeeper delta=7m20s799ms).
2026-01-20T22:02:08.273+01:00  WARN 40373 --- [demo] [l-1:housekeeper] com.zaxxer.hikari.pool.HikariPool        : HikariPool-1 - Thread starvation or clock leap detected (housekeeper delta=48m33s956ms).
2026-01-20T22:14:45.873+01:00  WARN 40373 --- [demo] [l-1:housekeeper] com.zaxxer.hikari.pool.HikariPool        : HikariPool-1 - Thread starvation or clock leap detected (housekeeper delta=12m37s600ms).
2026-01-20T22:48:28.573+01:00  WARN 40373 --- [demo] [l-1:housekeeper] com.zaxxer.hikari.pool.HikariPool        : HikariPool-1 - Thread starvation or clock leap detected (housekeeper delta=33m42s700ms).
2026-01-20T23:15:42.923+01:00  WARN 40373 --- [demo] [l-1:housekeeper] com.zaxxer.hikari.pool.HikariPool        : HikariPool-1 - Thread starvation or clock leap detected (housekeeper delta=27m14s350ms).
2026-01-20T23:32:43.997+01:00  WARN 40373 --- [demo] [l-1:housekeeper] com.zaxxer.hikari.pool.HikariPool        : HikariPool-1 - Thread starvation or clock leap detected (housekeeper delta=17m1s74ms).
2026-01-21T00:16:40.984+01:00  WARN 40373 --- [demo] [l-1:housekeeper] com.zaxxer.hikari.pool.HikariPool        : HikariPool-1 - Thread starvation or clock leap detected (housekeeper delta=43m56s987ms).
2026-01-21T00:33:32.488+01:00  WARN 40373 --- [demo] [l-1:housekeeper] com.zaxxer.hikari.pool.HikariPool        : HikariPool-1 - Thread starvation or clock leap detected (housekeeper delta=16m51s504ms).
2026-01-21T01:17:37.266+01:00  WARN 40373 --- [demo] [l-1:housekeeper] com.zaxxer.hikari.pool.HikariPool        : HikariPool-1 - Thread starvation or clock leap detected (housekeeper delta=44m4s778ms).
2026-01-21T02:24:26.260+01:00  WARN 40373 --- [demo] [l-1:housekeeper] com.zaxxer.hikari.pool.HikariPool        : HikariPool-1 - Thread starvation or clock leap detected (housekeeper delta=1h6m18s986ms).
2026-01-21T02:57:02.775+01:00  WARN 40373 --- [demo] [l-1:housekeeper] com.zaxxer.hikari.pool.HikariPool        : HikariPool-1 - Thread starvation or clock leap detected (housekeeper delta=32m36s515ms).
2026-01-21T03:31:09.030+01:00  WARN 40373 --- [demo] [l-1:housekeeper] com.zaxxer.hikari.pool.HikariPool        : HikariPool-1 - Thread starvation or clock leap detected (housekeeper delta=34m6s255ms).
2026-01-21T04:37:42.984+01:00  WARN 40373 --- [demo] [l-1:housekeeper] com.zaxxer.hikari.pool.HikariPool        : HikariPool-1 - Thread starvation or clock leap detected (housekeeper delta=1h6m33s954ms).
2026-01-21T05:22:02.753+01:00  WARN 40373 --- [demo] [l-1:housekeeper] com.zaxxer.hikari.pool.HikariPool        : HikariPool-1 - Thread starvation or clock leap detected (housekeeper delta=43m49s767ms).
2026-01-21T05:54:23.921+01:00  WARN 40373 --- [demo] [l-1:housekeeper] com.zaxxer.hikari.pool.HikariPool        : HikariPool-1 - Thread starvation or clock leap detected (housekeeper delta=32m21s168ms).
2026-01-21T06:01:23.611+01:00  WARN 40373 --- [demo] [l-1:housekeeper] com.zaxxer.hikari.pool.HikariPool        : HikariPool-1 - Thread starvation or clock leap detected (housekeeper delta=6m59s690ms).
2026-01-21T06:49:45.368+01:00  WARN 40373 --- [demo] [l-1:housekeeper] com.zaxxer.hikari.pool.HikariPool        : HikariPool-1 - Thread starvation or clock leap detected (housekeeper delta=48m21s757ms).
2026-01-21T07:06:37.407+01:00  WARN 40373 --- [demo] [l-1:housekeeper] com.zaxxer.hikari.pool.HikariPool        : HikariPool-1 - Thread starvation or clock leap detected (housekeeper delta=16m52s39ms).
2026-01-21T08:02:13.495+01:00  WARN 40373 --- [demo] [l-1:housekeeper] com.zaxxer.hikari.pool.HikariPool        : HikariPool-1 - Thread starvation or clock leap detected (housekeeper delta=55m36s87ms).
2026-01-21T08:18:24.204+01:00  WARN 40373 --- [demo] [l-1:housekeeper] com.zaxxer.hikari.pool.HikariPool        : HikariPool-1 - Thread starvation or clock leap detected (housekeeper delta=16m10s710ms).
2026-01-21T08:49:43.430+01:00  WARN 40373 --- [demo] [l-1:housekeeper] com.zaxxer.hikari.pool.HikariPool        : HikariPool-1 - Thread starvation or clock leap detected (housekeeper delta=31m19s226ms).
2026-01-21T08:54:46.526+01:00  WARN 40373 --- [demo] [l-1:housekeeper] com.zaxxer.hikari.pool.HikariPool        : HikariPool-1 - Thread starvation or clock leap detected (housekeeper delta=4m33s90ms).
2026-01-21T09:02:38.043+01:00  WARN 40373 --- [demo] [l-1:housekeeper] com.zaxxer.hikari.pool.HikariPool        : HikariPool-1 - Thread starvation or clock leap detected (housekeeper delta=7m51s517ms).
2026-01-21T09:06:21.416+01:00  WARN 40373 --- [demo] [l-1:housekeeper] com.zaxxer.hikari.pool.HikariPool        : HikariPool-1 - Thread starvation or clock leap detected (housekeeper delta=3m13s363ms).
2026-01-21T09:11:34.118+01:00  WARN 40373 --- [demo] [l-1:housekeeper] com.zaxxer.hikari.pool.HikariPool        : HikariPool-1 - Thread starvation or clock leap detected (housekeeper delta=5m12s702ms).
2026-01-21T09:14:57.299+01:00  WARN 40373 --- [demo] [l-1:housekeeper] com.zaxxer.hikari.pool.HikariPool        : HikariPool-1 - Thread starvation or clock leap detected (housekeeper delta=3m23s181ms).
2026-01-21T09:18:15.715+01:00  WARN 40373 --- [demo] [l-1:housekeeper] com.zaxxer.hikari.pool.HikariPool        : HikariPool-1 - Thread starvation or clock leap detected (housekeeper delta=3m18s416ms).
2026-01-21T09:28:07.683+01:00  WARN 40373 --- [demo] [l-1:housekeeper] com.zaxxer.hikari.pool.HikariPool        : HikariPool-1 - Thread starvation or clock leap detected (housekeeper delta=9m51s968ms).
2026-01-21T09:48:36.825+01:00  WARN 40373 --- [demo] [l-1:housekeeper] com.zaxxer.hikari.pool.HikariPool        : HikariPool-1 - Thread starvation or clock leap detected (housekeeper delta=19m59s137ms).
2026-01-21T09:56:25.386+01:00  WARN 40373 --- [demo] [l-1:housekeeper] com.zaxxer.hikari.pool.HikariPool        : HikariPool-1 - Thread starvation or clock leap detected (housekeeper delta=7m18s552ms).
2026-01-21T09:59:36.701+01:00  WARN 40373 --- [demo] [l-1:housekeeper] com.zaxxer.hikari.pool.HikariPool        : HikariPool-1 - Thread starvation or clock leap detected (housekeeper delta=3m11s315ms).
2026-01-21T10:03:39.058+01:00  WARN 40373 --- [demo] [l-1:housekeeper] com.zaxxer.hikari.pool.HikariPool        : HikariPool-1 - Thread starvation or clock leap detected (housekeeper delta=4m2s357ms).
2026-01-21T10:16:52.206+01:00  WARN 40373 --- [demo] [l-1:housekeeper] com.zaxxer.hikari.pool.HikariPool        : HikariPool-1 - Thread starvation or clock leap detected (housekeeper delta=12m43s146ms).
2026-01-21T10:21:02.802+01:00  WARN 40373 --- [demo] [l-1:housekeeper] com.zaxxer.hikari.pool.HikariPool        : HikariPool-1 - Thread starvation or clock leap detected (housekeeper delta=3m40s587ms).
2026-01-21T10:25:05.524+01:00  WARN 40373 --- [demo] [l-1:housekeeper] com.zaxxer.hikari.pool.HikariPool        : HikariPool-1 - Thread starvation or clock leap detected (housekeeper delta=3m32s717ms).
2026-01-21T10:29:05.453+01:00  WARN 40373 --- [demo] [l-1:housekeeper] com.zaxxer.hikari.pool.HikariPool        : HikariPool-1 - Thread starvation or clock leap detected (housekeeper delta=3m59s929ms).
2026-01-21T10:37:18.052+01:00  WARN 40373 --- [demo] [l-1:housekeeper] com.zaxxer.hikari.pool.HikariPool        : HikariPool-1 - Thread starvation or clock leap detected (housekeeper delta=8m12s599ms).
2026-01-21T10:41:51.263+01:00  WARN 40373 --- [demo] [l-1:housekeeper] com.zaxxer.hikari.pool.HikariPool        : HikariPool-1 - Thread starvation or clock leap detected (housekeeper delta=4m33s211ms).
2026-01-21T10:52:00.428+01:00  WARN 40373 --- [demo] [l-1:housekeeper] com.zaxxer.hikari.pool.HikariPool        : HikariPool-1 - Thread starvation or clock leap detected (housekeeper delta=10m9s165ms).
2026-01-21T10:55:46.568+01:00  WARN 40373 --- [demo] [l-1:housekeeper] com.zaxxer.hikari.pool.HikariPool        : HikariPool-1 - Thread starvation or clock leap detected (housekeeper delta=3m46s140ms).
2026-01-21T11:00:28.201+01:00  WARN 40373 --- [demo] [l-1:housekeeper] com.zaxxer.hikari.pool.HikariPool        : HikariPool-1 - Thread starvation or clock leap detected (housekeeper delta=4m41s633ms).
2026-01-21T11:03:39.678+01:00  WARN 40373 --- [demo] [l-1:housekeeper] com.zaxxer.hikari.pool.HikariPool        : HikariPool-1 - Thread starvation or clock leap detected (housekeeper delta=3m11s477ms).
2026-01-21T11:39:20.515+01:00  WARN 40373 --- [demo] [l-1:housekeeper] com.zaxxer.hikari.pool.HikariPool        : HikariPool-1 - Thread starvation or clock leap detected (housekeeper delta=35m40s837ms).
2026-01-21T11:49:35.423+01:00  WARN 40373 --- [demo] [l-1:housekeeper] com.zaxxer.hikari.pool.HikariPool        : HikariPool-1 - Thread starvation or clock leap detected (housekeeper delta=10m14s908ms).
2026-01-21T12:04:45.139+01:00  WARN 40373 --- [demo] [l-1:housekeeper] com.zaxxer.hikari.pool.HikariPool        : HikariPool-1 - Thread starvation or clock leap detected (housekeeper delta=15m9s716ms).
2026-01-21T12:16:05.575+01:00  WARN 40373 --- [demo] [l-1:housekeeper] com.zaxxer.hikari.pool.HikariPool        : HikariPool-1 - Thread starvation or clock leap detected (housekeeper delta=11m20s436ms).
2026-01-21T12:49:38.530+01:00  WARN 40373 --- [demo] [l-1:housekeeper] com.zaxxer.hikari.pool.HikariPool        : HikariPool-1 - Thread starvation or clock leap detected (housekeeper delta=33m2s946ms).
2026-01-21T13:00:02.391+01:00  WARN 40373 --- [demo] [l-1:housekeeper] com.zaxxer.hikari.pool.HikariPool        : HikariPool-1 - Thread starvation or clock leap detected (housekeeper delta=10m23s861ms).
2026-01-21T13:01:35.785+01:00  WARN 40373 --- [demo] [l-1:housekeeper] com.zaxxer.hikari.pool.HikariPool        : HikariPool-1 - Thread starvation or clock leap detected (housekeeper delta=1m33s393ms).
2026-01-21T13:07:05.220+01:00  INFO 40373 --- [demo] [ionShutdownHook] o.s.boot.tomcat.GracefulShutdown         : Commencing graceful shutdown. Waiting for active requests to complete
2026-01-21T13:07:05.242+01:00  INFO 40373 --- [demo] [tomcat-shutdown] o.s.boot.tomcat.GracefulShutdown         : Graceful shutdown complete
2026-01-21T13:07:05.253+01:00  INFO 40373 --- [demo] [ionShutdownHook] j.LocalContainerEntityManagerFactoryBean : Closing JPA EntityManagerFactory for persistence unit 'default'
2026-01-21T13:07:05.262+01:00  INFO 40373 --- [demo] [ionShutdownHook] com.zaxxer.hikari.HikariDataSource       : HikariPool-1 - Shutdown initiated...
2026-01-21T13:07:05.266+01:00  INFO 40373 --- [demo] [ionShutdownHook] com.zaxxer.hikari.HikariDataSource       : HikariPool-1 - Shutdown completed.
